[    0.000000] Initializing cgroup subsys cpuset
[    0.000000] Initializing cgroup subsys cpu
[    0.000000] Initializing cgroup subsys cpuacct
[    0.000000] Linux version 4.4.0-131-generic (buildd@lgw01-amd64-015) (gcc version 5.4.0 20160609 (Ubuntu 5.4.0-6ubuntu1~16.04.10) ) #157-Ubuntu SMP Thu Jul 12 15:51:36 UTC 2018 (Ubuntu 4.4.0-131.157-generic 4.4.134)
[    0.000000] Command line: BOOT_IMAGE=/boot/vmlinuz-4.4.0-131-generic root=LABEL=cloudimg-rootfs ro console=tty1 console=ttyS0
[    0.000000] KERNEL supported cpus:
[    0.000000]   Intel GenuineIntel
[    0.000000]   AMD AuthenticAMD
[    0.000000]   Centaur CentaurHauls
[    0.000000] x86/fpu: xstate_offset[2]:  576, xstate_sizes[2]:  256
[    0.000000] x86/fpu: Supporting XSAVE feature 0x01: 'x87 floating point registers'
[    0.000000] x86/fpu: Supporting XSAVE feature 0x02: 'SSE registers'
[    0.000000] x86/fpu: Supporting XSAVE feature 0x04: 'AVX registers'
[    0.000000] x86/fpu: Enabled xstate features 0x7, context size is 832 bytes, using 'standard' format.
[    0.000000] x86/fpu: Using 'eager' FPU context switches.
[    0.000000] e820: BIOS-provided physical RAM map:
[    0.000000] BIOS-e820: [mem 0x0000000000000000-0x000000000009fbff] usable
[    0.000000] BIOS-e820: [mem 0x000000000009fc00-0x000000000009ffff] reserved
[    0.000000] BIOS-e820: [mem 0x00000000000f0000-0x00000000000fffff] reserved
[    0.000000] BIOS-e820: [mem 0x0000000000100000-0x000000003ffeffff] usable
[    0.000000] BIOS-e820: [mem 0x000000003fff0000-0x000000003fffffff] ACPI data
[    0.000000] BIOS-e820: [mem 0x00000000fec00000-0x00000000fec00fff] reserved
[    0.000000] BIOS-e820: [mem 0x00000000fee00000-0x00000000fee00fff] reserved
[    0.000000] BIOS-e820: [mem 0x00000000fffc0000-0x00000000ffffffff] reserved
[    0.000000] NX (Execute Disable) protection: active
[    0.000000] SMBIOS 2.5 present.
[    0.000000] Hypervisor detected: KVM
[    0.000000] e820: last_pfn = 0x3fff0 max_arch_pfn = 0x400000000
[    0.000000] MTRR: Disabled
[    0.000000] x86/PAT: MTRRs disabled, skipping PAT initialization too.
[    0.000000] CPU MTRRs all blank - virtualized system.
[    0.000000] x86/PAT: Configuration [0-7]: WB  WT  UC- UC  WB  WT  UC- UC  
[    0.000000] found SMP MP-table at [mem 0x0009fff0-0x0009ffff] mapped at [ffff88000009fff0]
[    0.000000] Scanning 1 areas for low memory corruption
[    0.000000] RAMDISK: [mem 0x3630c000-0x3717dfff]
[    0.000000] ACPI: Early table checksum verification disabled
[    0.000000] ACPI: RSDP 0x00000000000E0000 000024 (v02 VBOX  )
[    0.000000] ACPI: XSDT 0x000000003FFF0030 00003C (v01 VBOX   VBOXXSDT 00000001 ASL  00000061)
[    0.000000] ACPI: FACP 0x000000003FFF00F0 0000F4 (v04 VBOX   VBOXFACP 00000001 ASL  00000061)
[    0.000000] ACPI: DSDT 0x000000003FFF0470 0021FF (v02 VBOX   VBOXBIOS 00000002 INTL 20100528)
[    0.000000] ACPI: FACS 0x000000003FFF0200 000040
[    0.000000] ACPI: FACS 0x000000003FFF0200 000040
[    0.000000] ACPI: APIC 0x000000003FFF0240 00005C (v02 VBOX   VBOXAPIC 00000001 ASL  00000061)
[    0.000000] ACPI: SSDT 0x000000003FFF02A0 0001CC (v01 VBOX   VBOXCPUT 00000002 INTL 20100528)
[    0.000000] No NUMA configuration found
[    0.000000] Faking a node at [mem 0x0000000000000000-0x000000003ffeffff]
[    0.000000] NODE_DATA(0) allocated [mem 0x3ffeb000-0x3ffeffff]
[    0.000000] kvm-clock: Using msrs 4b564d01 and 4b564d00
[    0.000000] kvm-clock: cpu 0, msr 0:3ffe3001, primary cpu clock
[    0.000000] kvm-clock: using sched offset of 13065234995 cycles
[    0.000000] clocksource: kvm-clock: mask: 0xffffffffffffffff max_cycles: 0x1cd42e4dffb, max_idle_ns: 881590591483 ns
[    0.000000] Zone ranges:
[    0.000000]   DMA      [mem 0x0000000000001000-0x0000000000ffffff]
[    0.000000]   DMA32    [mem 0x0000000001000000-0x000000003ffeffff]
[    0.000000]   Normal   empty
[    0.000000]   Device   empty
[    0.000000] Movable zone start for each node
[    0.000000] Early memory node ranges
[    0.000000]   node   0: [mem 0x0000000000001000-0x000000000009efff]
[    0.000000]   node   0: [mem 0x0000000000100000-0x000000003ffeffff]
[    0.000000] Initmem setup node 0 [mem 0x0000000000001000-0x000000003ffeffff]
[    0.000000] ACPI: PM-Timer IO Port: 0x4008
[    0.000000] IOAPIC[0]: apic_id 2, version 32, address 0xfec00000, GSI 0-23
[    0.000000] ACPI: INT_SRC_OVR (bus 0 bus_irq 0 global_irq 2 dfl dfl)
[    0.000000] ACPI: INT_SRC_OVR (bus 0 bus_irq 9 global_irq 9 low level)
[    0.000000] Using ACPI (MADT) for SMP configuration information
[    0.000000] smpboot: Allowing 2 CPUs, 0 hotplug CPUs
[    0.000000] PM: Registered nosave memory: [mem 0x00000000-0x00000fff]
[    0.000000] PM: Registered nosave memory: [mem 0x0009f000-0x0009ffff]
[    0.000000] PM: Registered nosave memory: [mem 0x000a0000-0x000effff]
[    0.000000] PM: Registered nosave memory: [mem 0x000f0000-0x000fffff]
[    0.000000] e820: [mem 0x40000000-0xfebfffff] available for PCI devices
[    0.000000] Booting paravirtualized kernel on KVM
[    0.000000] clocksource: refined-jiffies: mask: 0xffffffff max_cycles: 0xffffffff, max_idle_ns: 7645519600211568 ns
[    0.000000] setup_percpu: NR_CPUS:512 nr_cpumask_bits:512 nr_cpu_ids:2 nr_node_ids:1
[    0.000000] PERCPU: Embedded 34 pages/cpu @ffff88003fc00000 s99544 r8192 d31528 u1048576
[    0.000000] PV qspinlock hash table entries: 256 (order: 0, 4096 bytes)
[    0.000000] Built 1 zonelists in Node order, mobility grouping on.  Total pages: 257912
[    0.000000] Policy zone: DMA32
[    0.000000] Kernel command line: BOOT_IMAGE=/boot/vmlinuz-4.4.0-131-generic root=LABEL=cloudimg-rootfs ro console=tty1 console=ttyS0
[    0.000000] PID hash table entries: 4096 (order: 3, 32768 bytes)
[    0.000000] Memory: 997724K/1048120K available (8546K kernel code, 1313K rwdata, 4000K rodata, 1516K init, 1316K bss, 50396K reserved, 0K cma-reserved)
[    0.000000] SLUB: HWalign=64, Order=0-3, MinObjects=0, CPUs=2, Nodes=1
[    0.000000] Kernel/User page tables isolation: enabled
[    0.000000] Hierarchical RCU implementation.
[    0.000000] 	Build-time adjustment of leaf fanout to 64.
[    0.000000] 	RCU restricting CPUs from NR_CPUS=512 to nr_cpu_ids=2.
[    0.000000] RCU: Adjusting geometry for rcu_fanout_leaf=64, nr_cpu_ids=2
[    0.000000] NR_IRQS:33024 nr_irqs:440 16
[    0.000000] Console: colour VGA+ 80x25
[    0.000000] console [tty1] enabled
[    0.000000] console [ttyS0] enabled
[    0.000000] tsc: Detected 2592.004 MHz processor
[    2.954973] Calibrating delay loop (skipped) preset value.. 5184.00 BogoMIPS (lpj=10368016)
[    2.998712] pid_max: default: 32768 minimum: 301
[    3.023849] ACPI: Core revision 20150930
[    3.044632] ACPI: 2 ACPI AML tables successfully acquired and loaded
[    3.077248] Security Framework initialized
[    3.097449] Yama: becoming mindful.
[    3.116048] AppArmor: AppArmor initialized
[    3.137225] Dentry cache hash table entries: 131072 (order: 8, 1048576 bytes)
[    3.169504] Inode-cache hash table entries: 65536 (order: 7, 524288 bytes)
[    3.200012] Mount-cache hash table entries: 2048 (order: 2, 16384 bytes)
[    3.229655] Mountpoint-cache hash table entries: 2048 (order: 2, 16384 bytes)
[    3.260259] Initializing cgroup subsys io
[    3.281176] Initializing cgroup subsys memory
[    3.313965] Initializing cgroup subsys devices
[    3.348281] Initializing cgroup subsys freezer
[    3.374951] Initializing cgroup subsys net_cls
[    3.399315] Initializing cgroup subsys perf_event
[    3.423213] Initializing cgroup subsys net_prio
[    3.445849] Initializing cgroup subsys hugetlb
[    3.467921] Initializing cgroup subsys pids
[    3.489615] CPU: Physical Processor ID: 0
[    3.510321] CPU: Processor Core ID: 0
[    3.531067] mce: CPU supports 0 MCE banks
[    3.552594] Last level iTLB entries: 4KB 64, 2MB 8, 4MB 8
[    3.578911] Last level dTLB entries: 4KB 64, 2MB 0, 4MB 0, 1GB 4
[    3.606154] Spectre V2 : Mitigation: Full generic retpoline
[    3.631766] Spectre V2 : Speculation control IBPB not-supported IBRS not-supported
[    3.664065] Spectre V2 : Filling RSB on context switch
[    3.696954] Speculative Store Bypass: Vulnerable
[    3.768783] Freeing SMP alternatives memory: 32K
[    3.922429] ftrace: allocating 32245 entries in 126 pages
[    4.524732] smpboot: APIC(0) Converting physical 0 to logical package 0
[    4.553358] smpboot: Max logical packages: 1
[    4.580466] x2apic enabled
[    4.602727] Switched APIC routing to physical x2apic.
[    4.650100] ..TIMER: vector=0x30 apic1=0 pin1=2 apic2=-1 pin2=-1
[    4.782976] smpboot: CPU0: Intel(R) Core(TM) i7-6700HQ CPU @ 2.60GHz (family: 0x6, model: 0x5e, stepping: 0x3)
[    4.833241] Performance Events: unsupported p6 CPU model 94 no PMU driver, software events only.
[    4.878534] KVM setup paravirtual spinlock
[    4.899413] x86: Booting SMP configuration:
[    4.920638] .... node  #0, CPUs:      #1
[    4.942335] kvm-clock: cpu 1, msr 0:3ffe3041, secondary cpu clock
[    4.964108] mce: CPU supports 0 MCE banks
[    4.978921] x86: Booted up 1 node, 2 CPUs
[    5.005671] smpboot: Total of 2 processors activated (10368.01 BogoMIPS)
[    5.040000] devtmpfs: initialized
[    5.060087] evm: security.selinux
[    5.080045] evm: security.SMACK64
[    5.099788] evm: security.SMACK64EXEC
[    5.120391] evm: security.SMACK64TRANSMUTE
[    5.140461] evm: security.SMACK64MMAP
[    5.159468] evm: security.ima
[    5.176372] evm: security.capability
[    5.197770] clocksource: jiffies: mask: 0xffffffff max_cycles: 0xffffffff, max_idle_ns: 7645041785100000 ns
[    5.242202] futex hash table entries: 512 (order: 3, 32768 bytes)
[    5.271414] pinctrl core: initialized pinctrl subsystem
[    5.297612] RTC time: 12:55:25, date: 09/08/18
[    5.320568] NET: Registered protocol family 16
[    5.349911] cpuidle: using governor ladder
[    5.380327] cpuidle: using governor menu
[    5.400195] PCCT header not found.
[    5.418111] ACPI: bus type PCI registered
[    5.437769] acpiphp: ACPI Hot Plug PCI Controller Driver version: 0.5
[    5.469017] PCI: Using configuration type 1 for base access
[    5.516635] ACPI: Added _OSI(Module Device)
[    5.540983] ACPI: Added _OSI(Processor Device)
[    5.566761] ACPI: Added _OSI(3.0 _SCP Extensions)
[    5.601981] ACPI: Added _OSI(Processor Aggregator Device)
[    5.632446] ACPI: Executed 1 blocks of module-level executable AML code
[    5.673655] ACPI: Interpreter enabled
[    5.694155] ACPI: (supports S0 S5)
[    5.712605] ACPI: Using IOAPIC for interrupt routing
[    5.736920] PCI: Using host bridge windows from ACPI; if necessary, use "pci=nocrs" and report a bug
[    5.803643] ACPI: PCI Root Bridge [PCI0] (domain 0000 [bus 00-ff])
[    5.832622] acpi PNP0A03:00: _OSC: OS supports [ASPM ClockPM Segments MSI]
[    5.861966] acpi PNP0A03:00: _OSC: not requesting OS control; OS requires [ExtendedConfig ASPM ClockPM MSI]
[    5.906984] acpi PNP0A03:00: fail to add MMCONFIG information, can't access extended PCI configuration space under this bridge.
[    5.962878] PCI host bridge to bus 0000:00
[    5.982892] pci_bus 0000:00: root bus resource [io  0x0000-0x0cf7 window]
[    6.013953] pci_bus 0000:00: root bus resource [io  0x0d00-0xffff window]
[    6.045816] pci_bus 0000:00: root bus resource [mem 0x000a0000-0x000bffff window]
[    6.083186] pci_bus 0000:00: root bus resource [mem 0x40000000-0xfdffffff window]
[    6.119480] pci_bus 0000:00: root bus resource [bus 00-ff]
[    6.186727] pci 0000:00:01.1: legacy IDE quirk: reg 0x10: [io  0x01f0-0x01f7]
[    6.217010] pci 0000:00:01.1: legacy IDE quirk: reg 0x14: [io  0x03f6]
[    6.470423] pci 0000:00:01.1: legacy IDE quirk: reg 0x18: [io  0x0170-0x0177]
[    6.501609] pci 0000:00:01.1: legacy IDE quirk: reg 0x1c: [io  0x0376]
[    6.666521] pci 0000:00:07.0: quirk: [io  0x4000-0x403f] claimed by PIIX4 ACPI
[    6.702151] pci 0000:00:07.0: quirk: [io  0x4100-0x410f] claimed by PIIX4 SMB
[    6.823249] ACPI: PCI Interrupt Link [LNKA] (IRQs 5 9 10 *11)
[    6.868012] ACPI: PCI Interrupt Link [LNKB] (IRQs 5 9 *10 11)
[    6.910391] ACPI: PCI Interrupt Link [LNKC] (IRQs 5 *9 10 11)
[    6.952684] ACPI: PCI Interrupt Link [LNKD] (IRQs 5 9 10 *11)
[    6.994182] ACPI: Enabled 2 GPEs in block 00 to 07
[    7.023912] vgaarb: setting as boot device: PCI:0000:00:02.0
[    7.051866] vgaarb: device added: PCI:0000:00:02.0,decodes=io+mem,owns=io+mem,locks=none
[    7.101449] vgaarb: loaded
[    7.156507] vgaarb: bridge control possible 0000:00:02.0
[    7.201281] SCSI subsystem initialized
[    7.223627] ACPI: bus type USB registered
[    7.245637] usbcore: registered new interface driver usbfs
[    7.273382] usbcore: registered new interface driver hub
[    7.297462] usbcore: registered new device driver usb
[    7.328043] PCI: Using ACPI for IRQ routing
[    7.357369] NetLabel: Initializing
[    7.376793] NetLabel:  domain hash size = 128
[    7.398243] NetLabel:  protocols = UNLABELED CIPSOv4
[    7.423144] NetLabel:  unlabeled traffic allowed by default
[    7.448953] amd_nb: Cannot enumerate AMD northbridges
[    7.475010] clocksource: Switched to clocksource kvm-clock
[    7.518986] AppArmor: AppArmor Filesystem Enabled
[    7.541110] pnp: PnP ACPI init
[    7.564710] pnp: PnP ACPI: found 3 devices
[    7.592559] clocksource: acpi_pm: mask: 0xffffff max_cycles: 0xffffff, max_idle_ns: 2085701024 ns
[    7.633423] NET: Registered protocol family 2
[    7.654650] TCP established hash table entries: 8192 (order: 4, 65536 bytes)
[    7.687129] TCP bind hash table entries: 8192 (order: 5, 131072 bytes)
[    7.718957] TCP: Hash tables configured (established 8192 bind 8192)
[    7.747851] UDP hash table entries: 512 (order: 2, 16384 bytes)
[    7.772303] UDP-Lite hash table entries: 512 (order: 2, 16384 bytes)
[    7.799315] NET: Registered protocol family 1
[    7.819473] pci 0000:00:00.0: Limiting direct PCI/PCI transfers
[    7.844642] pci 0000:00:01.0: Activating ISA DMA hang workarounds
[    7.874116] Unpacking initramfs...
[    8.248879] Freeing initrd memory: 14792K
[    8.269588] platform rtc_cmos: registered platform RTC device (no PNP device found)
[    8.305846] Scanning for low memory corruption every 60 seconds
[    8.334859] audit: initializing netlink subsys (disabled)
[    8.359271] audit: type=2000 audit(1536411337.355:1): initialized
[    8.387373] Initialise system trusted keyring
[    8.409894] HugeTLB registered 2 MB page size, pre-allocated 0 pages
[    8.440327] zbud: loaded
[    8.457933] VFS: Disk quotas dquot_6.6.0
[    8.478109] VFS: Dquot-cache hash table entries: 512 (order 0, 4096 bytes)
[    8.508579] squashfs: version 4.0 (2009/01/31) Phillip Lougher
[    8.536313] fuse init (API version 7.23)
[    8.555015] Key type big_key registered
[    8.574823] Allocating IMA MOK and blacklist keyrings.
[    8.610990] Key type asymmetric registered
[    8.631465] Asymmetric key parser 'x509' registered
[    8.653831] Block layer SCSI generic (bsg) driver version 0.4 loaded (major 249)
[    8.689994] io scheduler noop registered
[    8.709621] io scheduler deadline registered (default)
[    8.733789] io scheduler cfq registered
[    8.757022] pci_hotplug: PCI Hot Plug PCI Core version: 0.5
[    8.786359] pciehp: PCI Express Hot Plug Controller Driver version: 0.4
[    8.820087] ACPI: AC Adapter [AC] (on-line)
[    8.841515] input: Power Button as /devices/LNXSYSTM:00/LNXPWRBN:00/input/input0
[    8.877215] ACPI: Power Button [PWRF]
[    8.897109] input: Sleep Button as /devices/LNXSYSTM:00/LNXSLPBN:00/input/input1
[    8.933539] ACPI: Sleep Button [SLPF]
[    8.954572] GHES: HEST is not enabled!
[    8.963491] ACPI: Battery Slot [BAT0] (battery present)
[    9.000059] Serial: 8250/16550 driver, 32 ports, IRQ sharing enabled
[    9.106244] 00:02: ttyS0 at I/O 0x3f8 (irq = 4, base_baud = 115200) is a 16550A
[    9.146181] Linux agpgart interface v0.103
[    9.171660] loop: module loaded
[    9.192540] scsi host0: ata_piix
[    9.212763] scsi host1: ata_piix
[    9.229310] ata1: PATA max UDMA/33 cmd 0x1f0 ctl 0x3f6 bmdma 0xd000 irq 14
[    9.258518] ata2: PATA max UDMA/33 cmd 0x170 ctl 0x376 bmdma 0xd008 irq 15
[    9.291317] libphy: Fixed MDIO Bus: probed
[    9.311073] tun: Universal TUN/TAP device driver, 1.6
[    9.334867] tun: (C) 1999-2004 Max Krasnyansky <maxk@qualcomm.com>
[    9.360226] PPP generic driver version 2.4.2
[    9.381597] ehci_hcd: USB 2.0 'Enhanced' Host Controller (EHCI) Driver
[    9.409632] ehci-pci: EHCI PCI platform driver
[    9.431681] ehci-platform: EHCI generic platform driver
[    9.457514] ohci_hcd: USB 1.1 'Open' Host Controller (OHCI) Driver
[    9.486333] ohci-pci: OHCI PCI platform driver
[    9.507425] ohci-platform: OHCI generic platform driver
[    9.533572] uhci_hcd: USB Universal Host Controller Interface driver
[    9.559488] i8042: PNP: PS/2 Controller [PNP0303:PS2K,PNP0f03:PS2M] at 0x60,0x64 irq 1,12
[    9.605650] serio: i8042 KBD port at 0x60,0x64 irq 1
[    9.628742] serio: i8042 AUX port at 0x60,0x64 irq 12
[    9.650934] mousedev: PS/2 mouse device common for all mice
[    9.681908] rtc_cmos rtc_cmos: rtc core: registered rtc_cmos as rtc0
[    9.712546] input: AT Translated Set 2 keyboard as /devices/platform/i8042/serio0/input/input2
[    9.712823] rtc_cmos rtc_cmos: alarms up to one day, 114 bytes nvram
[    9.712835] i2c /dev entries driver
[    9.712901] device-mapper: uevent: version 1.0.3
[    9.752288] device-mapper: ioctl: 4.34.0-ioctl (2015-10-28) initialised: dm-devel@redhat.com
[    9.752311] ledtrig-cpu: registered to indicate activity on CPUs
[    9.752744] NET: Registered protocol family 10
[    9.753127] NET: Registered protocol family 17
[    9.753135] Key type dns_resolver registered
[    9.753371] registered taskstats version 1
[    9.753388] Loading compiled-in X.509 certificates
[    9.754609] Loaded X.509 cert 'Build time autogenerated kernel key: 8f274abdf49cd12572c1533a34d1eafea768213f'
[    9.754643] zswap: loaded using pool lzo/zbud
[    9.757174] Key type trusted registered
[    9.761324] Key type encrypted registered
[    9.761330] AppArmor: AppArmor sha1 policy hashing enabled
[    9.761333] ima: No TPM chip found, activating TPM-bypass!
[    9.761337] ima: Allocated hash algorithm: sha1
[    9.761352] evm: HMAC attrs: 0x1
[    9.767374]   Magic number: 2:781:935
[    9.782045] rtc_cmos rtc_cmos: setting system clock to 2018-09-08 12:55:29 UTC (1536411329)
[    9.782127] BIOS EDD facility v0.16 2004-Jun-25, 0 devices found
[    9.782127] EDD information not available.
[   10.319326] Freeing unused kernel memory: 1516K
[   10.351247] Write protecting the kernel read-only data: 14336k
[   10.378977] Freeing unused kernel memory: 1680K
[   10.405251] Freeing unused kernel memory: 96K
Loading, please wait...
starting version[   10.462926] random: udevadm: uninitialized urandom read (16 bytes read, 7 bits of entropy available)
 229
[   10.492309] random: systemd-udevd: uninitialized urandom read (16 bytes read, 7 bits of entropy available)
[   10.492369] random: systemd-udevd: uninitialized urandom read (16 bytes read, 7 bits of entropy available)
[   10.492379] random: systemd-udevd: uninitialized urandom read (16 bytes read, 7 bits of entropy available)
[   10.492389] random: systemd-udevd: uninitialized urandom read (16 bytes read, 7 bits of entropy available)
[   10.684370] random: udevadm: uninitialized urandom read (16 bytes read, 7 bits of entropy available)
[   10.735329] random: systemd-udevd: uninitialized urandom read (16 bytes read, 7 bits of entropy available)
[   10.738616] random: udevadm: uninitialized urandom read (16 bytes read, 7 bits of entropy available)
[   10.738650] random: udevadm: uninitialized urandom read (16 bytes read, 7 bits of entropy available)
[   10.738958] random: udevadm: uninitialized urandom read (16 bytes read, 7 bits of entropy available)
[   10.978715] e1000: Intel(R) PRO/1000 Network Driver - version 7.3.21-k8-NAPI
[   11.024179] e1000: Copyright (c) 1999-2006 Intel Corporation.
[   11.062999] Fusion MPT base driver 3.04.20
[   11.086723] Copyright (c) 1999-2008 LSI Corporation
[   11.171738] Fusion MPT SPI Host driver 3.04.20
[   11.212556] AVX2 version of gcm_enc/dec engaged.
[   11.238772] AES CTR mode by8 optimization enabled
[   11.458442] input: ImExPS/2 Generic Explorer Mouse as /devices/platform/i8042/serio1/input/input4
[   13.282271] e1000 0000:00:03.0 eth0: (PCI:33MHz:32-bit) 02:17:6d:c2:33:c4
[   13.312803] e1000 0000:00:03.0 eth0: Intel(R) PRO/1000 Network Connection
[   13.348034] mptbase: ioc0: Initiating bringup
[   13.689401] ioc0: LSI53C1030 A0: Capabilities={Initiator}
[   14.749278] scsi host2: ioc0: LSI53C1030 A0, FwRev=00000000h, Ports=1, MaxQ=256, IRQ=20
[   15.228311] scsi 2:0:0:0: Direct-Access     VBOX     HARDDISK         1.0  PQ: 0 ANSI: 5
[   15.282586] scsi target2:0:0: Beginning Domain Validation
[   15.350093] scsi target2:0:0: Domain Validation skipping write tests
[   15.387727] scsi target2:0:0: Ending Domain Validation
[   15.415910] scsi target2:0:0: asynchronous
[   15.441523] scsi 2:0:1:0: Direct-Access     VBOX     HARDDISK         1.0  PQ: 0 ANSI: 5
[   15.484933] scsi target2:0:1: Beginning Domain Validation
[   15.522312] scsi target2:0:1: Domain Validation skipping write tests
[   15.551241] scsi target2:0:1: Ending Domain Validation
[   15.576509] scsi target2:0:1: asynchronous
[   15.642765] sd 2:0:0:0: [sda] 20971520 512-byte logical blocks: (10.7 GB/10.0 GiB)
[   15.913960] sd 2:0:0:0: Attached scsi generic sg0 type 0
[   15.940610] sd 2:0:1:0: Attached scsi generic sg1 type 0
[   15.967566] sd 2:0:1:0: [sdb] 20480 512-byte logical blocks: (10.5 MB/10.0 MiB)
[   16.003950] sd 2:0:0:0: [sda] Write Protect is off
[   16.029985] sd 2:0:1:0: [sdb] Write Protect is off
[   16.053215] sd 2:0:0:0: [sda] Incomplete mode parameter data
[   16.080143] sd 2:0:0:0: [sda] Assuming drive cache: write through
[   16.108304] sd 2:0:1:0: [sdb] Incomplete mode parameter data
[   16.137437] sd 2:0:1:0: [sdb] Assuming drive cache: write through
[   16.174479]  sda: sda1
[   16.194500] sd 2:0:1:0: [sdb] Attached SCSI disk
[   16.218035] sd 2:0:0:0: [sda] Attached SCSI disk
[   17.371971] e1000 0000:00:08.0 eth1: (PCI:33MHz:32-bit) 08:00:27:45:ac:5b
[   17.401096] e1000 0000:00:08.0 eth1: Intel(R) PRO/1000 Network Connection
[   17.439701] e1000 0000:00:03.0 enp0s3: renamed from eth0
[   17.481133] e1000 0000:00:08.0 enp0s8: renamed from eth1
Begin: Loading essential drivers ... [   24.764818] md: linear personality registered for level -1
[   24.816011] md: multipath personality registered for level -4
[   24.852281] md: raid0 personality registered for level 0
[   24.886183] md: raid1 personality registered for level 1
[   24.995424] raid6: sse2x1   gen()  8144 MB/s
[   25.083160] raid6: sse2x1   xor()  6062 MB/s
[   25.171501] raid6: sse2x2   gen()  8526 MB/s
[   25.271235] raid6: sse2x2   xor()  6859 MB/s
[   25.359930] raid6: sse2x4   gen() 11265 MB/s
[   25.447479] raid6: sse2x4   xor()  6877 MB/s
[   25.535346] raid6: avx2x1   gen() 15881 MB/s
[   25.627080] raid6: avx2x2   gen() 13938 MB/s
[   25.715692] raid6: avx2x4   gen() 20620 MB/s
[   25.736952] raid6: using algorithm avx2x4 gen() 20620 MB/s
[   25.764455] raid6: using avx2x2 recovery algorithm
[   25.798965] xor: automatically using best checksumming function:
[   25.863126]    avx       : 21273.000 MB/sec
[   25.887530] async_tx: api initialized (async)
[   25.934291] md: raid6 personality registered for level 6
[   25.960754] md: raid5 personality registered for level 5
[   25.993996] md: raid4 personality registered for level 4
[   26.032920] md: raid10 personality registered for level 10
done.
Begin: Running /scripts/init-premount ... done.
Begin: Mounting root file system ... Begin: Running /scripts/local-top ... done.
Begin: Running /scripts/local-premount ... [   26.187572] Btrfs loaded
Scanning for Btrfs filesystems
done.
Warning: fsck not present, so skipping root file system
[   26.328161] EXT4-fs (sda1): mounted filesystem with ordered data mode. Opts: (null)
done.
Begin: Running /scripts/local-bottom ... done.
Begin: Running /scripts/init-bottom ... done.
[   26.659106] systemd[1]: systemd 229 running in system mode. (+PAM +AUDIT +SELINUX +IMA +APPARMOR +SMACK +SYSVINIT +UTMP +LIBCRYPTSETUP +GCRYPT +GNUTLS +ACL +XZ -LZ4 +SECCOMP +BLKID +ELFUTILS +KMOD -IDN)
[   26.734793] systemd[1]: Detected virtualization oracle.
[   26.761296] systemd[1]: Detected architecture x86-64.

Welcome to [1mUbuntu 16.04.5 LTS[0m!

[   26.811792] systemd[1]: Set hostname to <ubuntu-xenial>.
[   27.122527] systemd[1]: Listening on Journal Socket (/dev/log).
[[0;32m  OK  [0m] Listening on Journal Socket (/dev/log).
[   27.171877] random: nonblocking pool is initialized
[   27.197498] systemd[1]: Created slice System Slice.
[[0;32m  OK  [0m] Created slice System Slice.
[   27.240388] systemd[1]: Created slice system-serial\x2dgetty.slice.
[[0;32m  OK  [0m] Created slice system-serial\x2dgetty.slice.
[   27.291743] systemd[1]: Reached target System Time Synchronized.
[[0;32m  OK  [0m] Reached target System Time Synchronized.
[   27.344127] systemd[1]: Reached target Encrypted Volumes.
[[0;32m  OK  [0m] Reached target Encrypted Volumes.
[   27.394919] systemd[1]: Listening on udev Kernel Socket.
[[0;32m  OK  [0m] Listening on udev Kernel Socket.
[   27.440084] systemd[1]: Listening on Device-mapper event daemon FIFOs.
[[0;32m  OK  [0m] Listening on Device-mapper event daemon FIFOs.
[   27.496139] systemd[1]: Listening on LVM2 metadata daemon socket.
[[0;32m  OK  [0m] Listening on LVM2 metadata daemon socket.
[   27.547250] systemd[1]: Listening on udev Control Socket.
[[0;32m  OK  [0m] Listening on udev Control Socket.
[   27.596606] systemd[1]: Listening on LVM2 poll daemon socket.
[[0;32m  OK  [0m] Listening on LVM2 poll daemon socket.
[   27.642832] systemd[1]: Started Trigger resolvconf update for networkd DNS.
[[0;32m  OK  [0m] Started Trigger resolvconf update for networkd DNS.
[   27.700691] systemd[1]: Reached target Swap.
[[0;32m  OK  [0m] Reached target Swap.
[   27.741313] systemd[1]: Created slice User and Session Slice.
[[0;32m  OK  [0m] Created slice User and Session Slice.
[   27.788890] systemd[1]: Reached target User and Group Name Lookups.
[[0;32m  OK  [0m] Reached target User and Group Name Lookups.
[   27.843192] systemd[1]: Listening on /dev/initctl Compatibility Named Pipe.
[[0;32m  OK  [0m] Listening on /dev/initctl Compatibility Named Pipe.
[   27.900531] systemd[1]: Set up automount Arbitrary Executable File Formats File System Automount Point.
[[0;32m  OK  [0m] Set up automount Arbitrary Executab...ats File System Automount Point.
[   27.975494] systemd[1]: Started Forward Password Requests to Wall Directory Watch.
[[0;32m  OK  [0m] Started Forward Password Requests to Wall Directory Watch.
[   28.036869] systemd[1]: Listening on Journal Socket.
[[0;32m  OK  [0m] Listening on Journal Socket.
[   28.099399] systemd[1]: Starting Create list of required static device nodes for the current kernel...
         Starting Create list of required st... nodes for the current kernel...
[   28.170413] systemd[1]: Starting Uncomplicated firewall...
         Starting Uncomplicated firewall...
[   28.219963] systemd[1]: Starting Set console keymap...
         Starting Set console keymap...
[   28.271235] systemd[1]: Mounting Debug File System...
         Mounting Debug File System...
[   28.331760] systemd[1]: Starting Remount Root and Kernel File Systems...
[   28.341167] EXT4-fs (sda1): re-mounted. Opts: (null)
         Starting Remount Root and Kernel File Systems...
[   28.428671] systemd[1]: Starting Nameserver information manager...
         Starting Nameserver information manager...
[   28.486672] systemd[1]: Starting Monitoring of LVM2 mirrors, snapshots etc. using dmeventd or progress polling...
         Starting Monitoring of LVM2 mirrors... dmeventd or progress polling...
[   28.564410] systemd[1]: Mounting POSIX Message Queue File System...
         Mounting POSIX Message Queue File System...
[   28.627346] systemd[1]: Mounting Huge Pages File System...
         Mounting Huge Pages File System...
[   28.686944] systemd[1]: Starting Load Kernel Modules...
[   28.720398] Loading iSCSI transport class v2.0-870.
         Starting Load Kernel Modules...
[   28.763517] systemd[1]: Listening on Journal Audit Socket.
[[0;32m  OK  [0m] Listening on Journal Audit Socket.
[   28.816257] systemd[1]: Listening on Syslog Socket.
[[0;32m  OK  [0m] Listening on Syslog Socket.
[   28.859264] iscsi: registered transport (tcp)
[   28.901501] systemd[1]: Starting Journal Service...
         Starting Journal Service...
[   28.963857] systemd[1]: Reached target Slices.
[[0;32m  OK  [0m] Reached target Slices.
[   29.028164] systemd[1]: Mounted POSIX Message Queue File System.
[   29.060583] iscsi: registered transport (iser)
[[0;32m  OK  [0m] Mounted POSIX Message Queue File System.
[   29.102197] systemd[1]: Mounted Debug File System.
[[0;32m  OK  [0m] Mounted Debug File System.
[   29.152814] systemd[1]: Mounted Huge Pages File System.
[[0;32m  OK  [0m] Mounted Huge Pages File System.
[   29.201211] systemd[1]: Started Journal Service.
[[0;32m  OK  [0m] Started Journal Service.
[[0;32m  OK  [0m] Started Create list of required sta...ce nodes for the current kernel.
[[0;32m  OK  [0m] Started Uncomplicated firewall.
[[0;32m  OK  [0m] Started Set console keymap.
[[0;32m  OK  [0m] Started Remount Root and Kernel File Systems.
[[0;32m  OK  [0m] Started Load Kernel Modules.
[[0;32m  OK  [0m] Started Nameserver information manager.
[[0;32m  OK  [0m] Started LVM2 metadata daemon.
         Starting Apply Kernel Variables...
         Mounting FUSE Control File System...
         Starting udev Coldplug all Devices...
         Starting Load/Save Random Seed...
         Starting Create Static Device Nodes in /dev...
         Starting Flush Journal to Persistent Storage...
[[0;32m  OK  [0m] Mounted FUSE Control File System.
[[0;32m  OK  [0m] Started Apply Kernel Variables.
[[0;32m  OK  [0m] Started Load/Save Random Seed.
[[0;32m  OK  [0m] Started Monitoring of LVM2 mirrors,...ng dmeventd or progress polling.
[[0;32m  OK  [0m] Started Create Static Device Nodes in /dev.
[[0;32m  OK  [0m] Started udev Coldplug all Devices.
[[0;32m  OK  [0m] Started Flush Journal to Persistent Storage.
         Starting udev Kernel Device Manager...
[[0;32m  OK  [0m] Started udev Kernel Device Manager.
[[0;32m  OK  [0m] Started Dispatch Password Requests to Console Directory Watch.
[[0;32m  OK  [0m] Reached target Local File Systems (Pre).
[[0;32m  OK  [0m] Reached target Local File Systems.
         Starting Create Volatile Files and Directories...
         Starting Tell Plymouth To Write Out Runtime Data...
         Starting Set console font and keymap...
         Starting LSB: AppArmor initialization...
         Starting Initial cloud-init job (pre-networking)...[   30.115692] cloud-init[633]: Cloud-init v. 18.2 running 'init-local' at Sat, 08 Sep 2018 12:55:55 +0000. Up 29.69 seconds.

[[0;32m  OK  [0m] Started Create Volatile Files and Directories.
[[0;32m  OK  [0m] Started Tell Plymouth To Write Out Runtime Data.
[[0;32m  OK  [0m] Started Initial cloud-init job (pre-networking).
[[0;32m  OK  [0m] Found device /dev/ttyS0.
[[0;32m  OK  [0m] Started LSB: AppArmor initialization.
[[0;32m  OK  [0m] Listening on Load/Save RF Kill Switch Status /dev/rfkill Watch.
[[0;32m  OK  [0m] Reached target Network (Pre).
[[0;32m  OK  [0m] Started ifup for enp0s8.
         Starting Raise network interfaces...
[[0;32m  OK  [0m] Started ifup for enp0s3.
         Starting Update UTMP about System Boot/Shutdown...
[[0;32m  OK  [0m] Started Set console font and keymap.
[[0;32m  OK  [0m] Started Update UTMP about System Boot/Shutdown.
[[0;32m  OK  [0m] Created slice system-getty.slice.
[[0;32m  OK  [0m] Started Raise network interfaces.
         Starting Initial cloud-init job (metadata service crawler)...
[[0;32m  OK  [0m] Reached target Network.
[   43.555200] cloud-init[1062]: Cloud-init v. 18.2 running 'init' at Sat, 08 Sep 2018 12:56:08 +0000. Up 43.11 seconds.
[[0;32m  OK  [0m] Started Initial cloud-init job (metadata service crawler).
[   43.605407] cloud-init[1062]: ci-info: ++++++++++++++++++++++++++++++++++++++Net device info++++++++++++++++++++++++++++++++++++++
[[0;32m  OK  [0m] Reached target Cloud-config availability.
[   43.673762] cloud-init[1062]: ci-info: +--------+------+-----------------------------+---------------+-------+-------------------+
[[0;32m  OK  [0m] Reached target Network is Online.
[   43.735507] cloud-init[1062]: ci-info: | Device |  Up  |           Address           |      Mask     | Scope |     Hw-Address    |
[   43.793820] cloud-init[1062]: ci-info: +--------+------+-----------------------------+---------------+-------+-------------------+
[   43.833088] cloud-init[1062]: ci-info: | enp0s3 | True |          10.0.2.15          | 255.255.255.0 |   .   | 02:17:6d:c2:33:c4 |
[   43.839393] cloud-init[1062]: ci-info: | enp0s3 | True |  fe80::17:6dff:fec2:33c4/64 |       .       |  link | 02:17:6d:c2:33:c4 |
[   43.839425] cloud-init[1062]: ci-info: | enp0s8 | True |        192.168.1.118        | 255.255.255.0 |   .   | 08:00:27:45:ac:5b |
[   43.839453] cloud-init[1062]: ci-info: | enp0s8 | True | fe80::a00:27ff:fe45:ac5b/64 |       .       |  link | 08:00:27:45:ac:5b |
[   43.839482] cloud-init[1062]: ci-info: |   lo   | True |          127.0.0.1          |   255.0.0.0   |   .   |         .         |
[   43.839510] cloud-init[1062]: ci-info: |   lo   | True |           ::1/128           |       .       |  host |         .         |
[   43.839537] cloud-init[1062]: ci-info: +--------+------+-----------------------------+---------------+-------+-------------------+
[   43.843359] cloud-init[1062]: ci-info: +++++++++++++++++++++++++++Route IPv4 info++++++++++++++++++++++++++++
[   43.868355] cloud-init[1062]: ci-info: +-------+-------------+----------+---------------+-----------+-------+
[   43.871209] cloud-init[1062]: ci-info: | Route | Destination | Gateway  |    Genmask    | Interface | Flags |
[   43.871244] cloud-init[1062]: ci-info: +-------+-------------+----------+---------------+-----------+-------+
[   43.891387] cloud-init[1062]: ci-info: |   0   |   0.0.0.0   | 10.0.2.2 |    0.0.0.0    |   enp0s3  |   UG  |
[   43.915640] cloud-init[1062]: ci-info: |   1   |   10.0.2.0  | 0.0.0.0  | 255.255.255.0 |   enp0s3  |   U   |
[   43.915680] cloud-init[1062]: ci-info: |   2   | 192.168.1.0 | 0.0.0.0  | 255.255.255.0 |   enp0s8  |   U   |
[   43.924382] cloud-init[1062]: ci-info: +-------+-------------+----------+---------------+-----------+-------+
         Starting iSCSI initiator daemon (iscsid)...
[[0;32m  OK  [0m] Reached target System Initialization.
[[0;32m  OK  [0m] Listening on ACPID Listen Socket.
         Starting Socket activation for snappy daemon.
[[0;32m  OK  [0m] Listening on D-Bus System Message Bus Socket.
         Starting LXD - unix socket.
[[0;32m  OK  [0m] Started Daily Cleanup of Temporary Directories.
[[0;32m  OK  [0m] Started ACPI Events Check.
[[0;32m  OK  [0m] Reached target Paths.
[[0;32m  OK  [0m] Started Daily apt download activities.
[[0;32m  OK  [0m] Started Daily apt upgrade and clean activities.
[[0;32m  OK  [0m] Reached target Timers.
[[0;32m  OK  [0m] Listening on UUID daemon activation socket.
[[0;32m  OK  [0m] Listening on Socket activation for snappy daemon.
[[0;32m  OK  [0m] Listening on LXD - unix socket.
[[0;32m  OK  [0m] Started iSCSI initiator daemon (iscsid).
         Starting Login to default iSCSI targets...
[[0;32m  OK  [0m] Reached target Sockets.
[[0;32m  OK  [0m] Reached target Basic System.
[[0;32m  OK  [0m] Started Deferred execution scheduler.
[[0;32m  OK  [0m] Started FUSE filesystem for LXC.
         Starting Accounts Service...
         Starting Apply the settings specified in cloud-config...
         Starting LSB: MD monitoring daemon...
[[0;32m  OK  [0m] Started Unattended Upgrades Shutdown.
         Starting Virtualbox guest utils...
         Starting LXD - container startup/shutdown...
[[0;32m  OK  [0m] Started Regular background program processing daemon.
         Starting /etc/rc.local Compatibility...
[[0;32m  OK  [0m] Started ACPI event daemon.
         Starting Login Service...
         Starting Snappy daemon...
[[0;32m  OK  [0m] Started D-Bus System Message Bus.
         Starting LSB: Record successful boot for GRUB...
         Starting OpenBSD Secure Shell server...
         Starting System Logging Service...
[[0;32m  OK  [0m] Started /etc/rc.local Compatibility.
[[0;32m  OK  [0m] Started System Logging Service.
[[0;32m  OK  [0m] Started LXD - container startup/shutdown.
[[0;32m  OK  [0m] Started OpenBSD Secure Shell server.
[[0;32m  OK  [0m] Started Login to default iSCSI targets.
[[0;32m  OK  [0m] Started LSB: MD monitoring daemon.
         Starting Authenticate and Authorize Users to Run Privileged Tasks...
[[0;32m  OK  [0m] Reached target Remote File Systems (Pre).
[[0;32m  OK  [0m] Reached target Remote File Systems.
         Starting LSB: automatic crash report generation...
         Starting Permit User Sessions...
         Starting LSB: Set the CPU Frequency Scaling governor to "ondemand"...
         Starting LSB: daemon to balance interrupts for SMP systems...
[[0;32m  OK  [0m] Started Snappy daemon.
[[0;32m  OK  [0m] Started Virtualbox guest utils.
[[0;32m  OK  [0m] Started LSB: Record successful boot for GRUB.
[[0;32m  OK  [0m] Started Permit User Sessions.
[[0;32m  OK  [0m] Started Login Service.
[[0;32m  OK  [0m] Started Authenticate and Authorize Users to Run Privileged Tasks.
[[0;32m  OK  [0m] Started Accounts Service.
         Starting Hold until boot process finishes up...
         Starting Terminate Plymouth Boot Screen...[   46.379012] 
cloud-init         [1126]: Starting Wait until snapd is fully seeded...Cloud-init v. 18.2 running 'modules:config' at Sat, 08 Sep 2018 12:56:11 +0000. Up 45.98 seconds.

[[0;32m  OK  [0m] Started Apply the settings specified in cloud-config.
[[0;32m  OK  [0m] Started LSB: automatic crash report generation.
[[0;32m  OK  [0m] Started LSB: Set the CPU Frequency Scaling governor to "ondemand".
[[0;32m  OK  [0m] Started LSB: daemon to balance interrupts for SMP systems.
[[0;32m  OK  [0m] Started Hold until boot process finishes up.
[[0;32m  OK  [0m] Started Terminate Plymouth Boot Screen.
[[0;32m  OK  [0m] Started Wait until snapd is fully seeded.
         Starting Set console scheme...
[[0;32m  OK  [0m] Started Serial Getty on ttyS0.
[[0;32m  OK  [0m] Started Getty on tty1.
[[0;32m  OK  [0m] Reached target Login Prompts.
[[0;32m  OK  [0m] Reached target Multi-User System.
[[0;32m  OK  [0m] Reached target Graphical Interface.
         Starting Update UTMP about System Runlevel Changes...
         Starting Execute cloud user/final scripts...
[[0;32m  OK  [0m] Started Set console scheme.
[[0;32m  OK  [0m] Started Update UTMP about System Runlevel Changes.
[   47.397689] cloud-init[1304]: Cloud-init v. 18.2 running 'modules:final' at Sat, 08 Sep 2018 12:56:12 +0000. Up 47.25 seconds.
[   47.434344] cloud-init[1304]: Cloud-init v. 18.2 finished at Sat, 08 Sep 2018 12:56:13 +0000. Datasource DataSourceNoCloud [seed=/dev/sdb][dsmode=net].  Up 47.38 seconds
[[0;32m  OK  [0m] Started Execute cloud user/final scripts.
[[0;32m  OK  [0m] Reached target Cloud-init target.

Ubuntu 16.04.5 LTS ubuntu-xenial ttyS0

ubuntu-xenial login: 